The push refers to repository [crpi-nc6vrpgro1z8mu8m.cn-chengdu.personal.cr.aliyuncs.com/lclimage/clscanpy]
2c6b4dbb62c1: Preparing
3de77b1dd5fc: Preparing
228c7acbe9ec: Preparing
0c751186ab60: Preparing
45eaa7a87d04: Preparing
a31f768c5f31: Preparing
f7fde67d86f0: Preparing
c1d88d362857: Preparing
682a65c0d660: Preparing
312e556ecd9f: Preparing
7c0c6df9c87c: Preparing
be55c3c88281: Preparing
0dbc2357981e: Preparing
a7b0a5b8b5d7: Preparing
786c6b23643f: Preparing
aa247613eedd: Preparing
e0dda920b3e0: Preparing
11e1454145a0: Preparing
950d1cd21157: Preparing
312e556ecd9f: Waiting
7c0c6df9c87c: Waiting
be55c3c88281: Waiting
0dbc2357981e: Waiting
e0dda920b3e0: Waiting
a7b0a5b8b5d7: Waiting
786c6b23643f: Waiting
aa247613eedd: Waiting
11e1454145a0: Waiting
950d1cd21157: Waiting
a31f768c5f31: Waiting
f7fde67d86f0: Waiting
c1d88d362857: Waiting
682a65c0d660: Waiting
2c6b4dbb62c1: Pushed
3de77b1dd5fc: Pushed
45eaa7a87d04: Pushed
a31f768c5f31: Pushed
682a65c0d660: Pushed
312e556ecd9f: Pushed
7c0c6df9c87c: Pushed
c1d88d362857: Pushed
0dbc2357981e: Pushed
a7b0a5b8b5d7: Pushed
0c751186ab60: Pushed
f7fde67d86f0: Retrying in 5 seconds
f7fde67d86f0: Retrying in 4 seconds
f7fde67d86f0: Retrying in 3 seconds
f7fde67d86f0: Retrying in 2 seconds
f7fde67d86f0: Retrying in 1 second
be55c3c88281: Retrying in 5 seconds
be55c3c88281: Retrying in 4 seconds
be55c3c88281: Retrying in 3 seconds
be55c3c88281: Retrying in 2 seconds
be55c3c88281: Retrying in 1 second
228c7acbe9ec: Retrying in 5 seconds
228c7acbe9ec: Retrying in 4 seconds
228c7acbe9ec: Retrying in 3 seconds
228c7acbe9ec: Retrying in 2 seconds
228c7acbe9ec: Retrying in 1 second
aa247613eedd: Pushed
228c7acbe9ec: Pushed
11e1454145a0: Pushed
786c6b23643f: Pushed
950d1cd21157: Pushed
f7fde67d86f0: Pushed
e0dda920b3e0: Pushed
be55c3c88281: Pushed
v2.0: digest: sha256:39e420af95613995fdcd5eec63441f54e9e6a6c926aa62438bdcef8925e1fb27 size: 4322
